2023-10-18T11:14:18.253+09:00  INFO 6292 --- [restartedMain] kr.co.sboard.SboardApplication           : Starting SboardApplication using Java 19.0.2 with PID 6292 (C:\Users\java\Desktop\Workspace\Spring\Sboard\build\classes\java\main started by java in C:\Users\java\Desktop\Workspace\Spring\Sboard)
2023-10-18T11:14:18.256+09:00  INFO 6292 --- [restartedMain] kr.co.sboard.SboardApplication           : No active profile set, falling back to 1 default profile: "default"
2023-10-18T11:14:18.378+09:00  INFO 6292 --- [restartedMain] .e.DevToolsPropertyDefaultsPostProcessor : Devtools property defaults active! Set 'spring.devtools.add-properties' to 'false' to disable
2023-10-18T11:14:18.378+09:00  INFO 6292 --- [restartedMain] .e.DevToolsPropertyDefaultsPostProcessor : For additional web related logging consider setting the 'logging.level.web' property to 'DEBUG'
2023-10-18T11:14:18.681+09:00  INFO 6292 --- [restartedMain] .s.d.r.c.RepositoryConfigurationDelegate : Bootstrapping Spring Data JPA repositories in DEFAULT mode.
2023-10-18T11:14:18.708+09:00  INFO 6292 --- [restartedMain] .s.d.r.c.RepositoryConfigurationDelegate : Finished Spring Data repository scanning in 23 ms. Found 4 JPA repository interfaces.
2023-10-18T11:14:18.770+09:00  WARN 6292 --- [restartedMain] o.m.s.mapper.ClassPathMapperScanner      : No MyBatis mapper was found in '[kr.co.sboard]' package. Please check your configuration.
2023-10-18T11:14:18.950+09:00  WARN 6292 --- [restartedMain] ConfigServletWebServerApplicationContext : Exception encountered during context initialization - cancelling refresh attempt: org.springframework.context.ApplicationContextException: Unable to start web server
2023-10-18T11:14:18.955+09:00  INFO 6292 --- [restartedMain] .s.b.a.l.ConditionEvaluationReportLogger : 

Error starting ApplicationContext. To display the condition evaluation report re-run your application with 'debug' enabled.
2023-10-18T11:14:18.969+09:00 ERROR 6292 --- [restartedMain] o.s.b.d.LoggingFailureAnalysisReporter   : 

***************************
APPLICATION FAILED TO START
***************************

Description:

Binding to target [Bindable@7a5d1874 type = org.springframework.boot.autoconfigure.web.servlet.MultipartProperties, value = 'provided', annotations = array<Annotation>[@org.springframework.boot.context.properties.ConfigurationProperties(ignoreInvalidFields=false, ignoreUnknownFields=false, prefix="spring.servlet.multipart", value="spring.servlet.multipart")], bindMethod = JAVA_BEAN] failed:

    Property: spring.servlet.multipart.file.name
    Value: "Sboard/file"
    Origin: class path resource [application.yml] - 56:23
    Reason: The elements [spring.servlet.multipart.file.name] were left unbound.

Action:

Update your application's configuration

2023-10-18T11:16:39.661+09:00  INFO 6268 --- [restartedMain] kr.co.sboard.SboardApplication           : Starting SboardApplication using Java 19.0.2 with PID 6268 (C:\Users\java\Desktop\Workspace\Spring\Sboard\build\classes\java\main started by java in C:\Users\java\Desktop\Workspace\Spring\Sboard)
2023-10-18T11:16:39.662+09:00  INFO 6268 --- [restartedMain] kr.co.sboard.SboardApplication           : No active profile set, falling back to 1 default profile: "default"
2023-10-18T11:16:39.781+09:00  INFO 6268 --- [restartedMain] .e.DevToolsPropertyDefaultsPostProcessor : Devtools property defaults active! Set 'spring.devtools.add-properties' to 'false' to disable
2023-10-18T11:16:39.781+09:00  INFO 6268 --- [restartedMain] .e.DevToolsPropertyDefaultsPostProcessor : For additional web related logging consider setting the 'logging.level.web' property to 'DEBUG'
2023-10-18T11:16:40.079+09:00  INFO 6268 --- [restartedMain] .s.d.r.c.RepositoryConfigurationDelegate : Bootstrapping Spring Data JPA repositories in DEFAULT mode.
2023-10-18T11:16:40.106+09:00  INFO 6268 --- [restartedMain] .s.d.r.c.RepositoryConfigurationDelegate : Finished Spring Data repository scanning in 23 ms. Found 4 JPA repository interfaces.
2023-10-18T11:16:40.166+09:00  WARN 6268 --- [restartedMain] o.m.s.mapper.ClassPathMapperScanner      : No MyBatis mapper was found in '[kr.co.sboard]' package. Please check your configuration.
2023-10-18T11:16:40.324+09:00  WARN 6268 --- [restartedMain] ConfigServletWebServerApplicationContext : Exception encountered during context initialization - cancelling refresh attempt: org.springframework.context.ApplicationContextException: Unable to start web server
2023-10-18T11:16:40.329+09:00  INFO 6268 --- [restartedMain] .s.b.a.l.ConditionEvaluationReportLogger : 

Error starting ApplicationContext. To display the condition evaluation report re-run your application with 'debug' enabled.
2023-10-18T11:16:40.341+09:00 ERROR 6268 --- [restartedMain] o.s.b.d.LoggingFailureAnalysisReporter   : 

***************************
APPLICATION FAILED TO START
***************************

Description:

Binding to target [Bindable@752bbc1d type = org.springframework.boot.autoconfigure.web.servlet.MultipartProperties, value = 'provided', annotations = array<Annotation>[@org.springframework.boot.context.properties.ConfigurationProperties(ignoreInvalidFields=false, ignoreUnknownFields=false, prefix="spring.servlet.multipart", value="spring.servlet.multipart")], bindMethod = JAVA_BEAN] failed:

    Property: spring.servlet.multipart.file.name
    Value: "Sboard/static/file"
    Origin: class path resource [application.yml] - 56:23
    Reason: The elements [spring.servlet.multipart.file.name] were left unbound.

Action:

Update your application's configuration

2023-10-18T11:17:38.201+09:00  INFO 15448 --- [restartedMain] kr.co.sboard.SboardApplication           : Starting SboardApplication using Java 19.0.2 with PID 15448 (C:\Users\java\Desktop\Workspace\Spring\Sboard\build\classes\java\main started by java in C:\Users\java\Desktop\Workspace\Spring\Sboard)
2023-10-18T11:17:38.202+09:00  INFO 15448 --- [restartedMain] kr.co.sboard.SboardApplication           : No active profile set, falling back to 1 default profile: "default"
2023-10-18T11:17:38.324+09:00  INFO 15448 --- [restartedMain] .e.DevToolsPropertyDefaultsPostProcessor : Devtools property defaults active! Set 'spring.devtools.add-properties' to 'false' to disable
2023-10-18T11:17:38.324+09:00  INFO 15448 --- [restartedMain] .e.DevToolsPropertyDefaultsPostProcessor : For additional web related logging consider setting the 'logging.level.web' property to 'DEBUG'
2023-10-18T11:17:38.641+09:00  INFO 15448 --- [restartedMain] .s.d.r.c.RepositoryConfigurationDelegate : Bootstrapping Spring Data JPA repositories in DEFAULT mode.
2023-10-18T11:17:38.673+09:00  INFO 15448 --- [restartedMain] .s.d.r.c.RepositoryConfigurationDelegate : Finished Spring Data repository scanning in 27 ms. Found 4 JPA repository interfaces.
2023-10-18T11:17:38.737+09:00  WARN 15448 --- [restartedMain] o.m.s.mapper.ClassPathMapperScanner      : No MyBatis mapper was found in '[kr.co.sboard]' package. Please check your configuration.
2023-10-18T11:17:38.992+09:00  INFO 15448 --- [restartedMain] o.s.b.w.embedded.tomcat.TomcatWebServer  : Tomcat initialized with port(s): 8080 (http)
2023-10-18T11:17:38.998+09:00  INFO 15448 --- [restartedMain] o.apache.catalina.core.StandardService   : Starting service [Tomcat]
2023-10-18T11:17:38.999+09:00  INFO 15448 --- [restartedMain] o.apache.catalina.core.StandardEngine    : Starting Servlet engine: [Apache Tomcat/10.1.13]
2023-10-18T11:17:39.030+09:00  INFO 15448 --- [restartedMain] o.a.c.c.C.[Tomcat].[localhost].[/]       : Initializing Spring embedded WebApplicationContext
2023-10-18T11:17:39.031+09:00  INFO 15448 --- [restartedMain] w.s.c.ServletWebServerApplicationContext : Root WebApplicationContext: initialization completed in 707 ms
2023-10-18T11:17:39.105+09:00  INFO 15448 --- [restartedMain] o.hibernate.jpa.internal.util.LogHelper  : HHH000204: Processing PersistenceUnitInfo [name: default]
2023-10-18T11:17:39.129+09:00  INFO 15448 --- [restartedMain] org.hibernate.Version                    : HHH000412: Hibernate ORM core version 6.2.9.Final
2023-10-18T11:17:39.131+09:00  INFO 15448 --- [restartedMain] org.hibernate.cfg.Environment            : HHH000406: Using bytecode reflection optimizer
2023-10-18T11:17:39.192+09:00  INFO 15448 --- [restartedMain] o.h.b.i.BytecodeProviderInitiator        : HHH000021: Bytecode provider name : bytebuddy
2023-10-18T11:17:39.265+09:00  INFO 15448 --- [restartedMain] o.s.o.j.p.SpringPersistenceUnitInfo      : No LoadTimeWeaver setup: ignoring JPA class transformer
2023-10-18T11:17:39.274+09:00  INFO 15448 --- [restartedMain] com.zaxxer.hikari.HikariDataSource       : HikariPool-1 - Starting...
2023-10-18T11:17:39.515+09:00  INFO 15448 --- [restartedMain] com.zaxxer.hikari.pool.HikariPool        : HikariPool-1 - Added connection com.mysql.cj.jdbc.ConnectionImpl@48d8548
2023-10-18T11:17:39.517+09:00  INFO 15448 --- [restartedMain] com.zaxxer.hikari.HikariDataSource       : HikariPool-1 - Start completed.
2023-10-18T11:17:39.558+09:00  WARN 15448 --- [restartedMain] org.hibernate.orm.deprecation            : HHH90000026: MySQL57Dialect has been deprecated; use org.hibernate.dialect.MySQLDialect instead
2023-10-18T11:17:39.654+09:00  INFO 15448 --- [restartedMain] o.h.b.i.BytecodeProviderInitiator        : HHH000021: Bytecode provider name : bytebuddy
2023-10-18T11:17:40.004+09:00  INFO 15448 --- [restartedMain] o.h.e.t.j.p.i.JtaPlatformInitiator       : HHH000490: Using JtaPlatform implementation: [org.hibernate.engine.transaction.jta.platform.internal.NoJtaPlatform]
2023-10-18T11:17:40.005+09:00  INFO 15448 --- [restartedMain] j.LocalContainerEntityManagerFactoryBean : Initialized JPA EntityManagerFactory for persistence unit 'default'
2023-10-18T11:17:40.237+09:00  WARN 15448 --- [restartedMain] JpaBaseConfiguration$JpaWebConfiguration : spring.jpa.open-in-view is enabled by default. Therefore, database queries may be performed during view rendering. Explicitly configure spring.jpa.open-in-view to disable this warning
2023-10-18T11:17:40.366+09:00  INFO 15448 --- [restartedMain] o.s.s.web.DefaultSecurityFilterChain     : Will secure any request with [org.springframework.security.web.session.DisableEncodeUrlFilter@70ff0026, org.springframework.security.web.context.request.async.WebAsyncManagerIntegrationFilter@179b4115, org.springframework.security.web.context.SecurityContextHolderFilter@1be020b6, org.springframework.security.web.header.HeaderWriterFilter@7ab0fe82, org.springframework.security.web.authentication.logout.LogoutFilter@f7a6e61, org.springframework.security.web.authentication.UsernamePasswordAuthenticationFilter@1dff33e6, org.springframework.security.web.savedrequest.RequestCacheAwareFilter@2918e229, org.springframework.security.web.servletapi.SecurityContextHolderAwareRequestFilter@423b31af, org.springframework.security.web.authentication.AnonymousAuthenticationFilter@4e6eb001, org.springframework.security.web.access.ExceptionTranslationFilter@14a05b76, org.springframework.security.web.access.intercept.AuthorizationFilter@65604c60]
2023-10-18T11:17:40.521+09:00  INFO 15448 --- [restartedMain] o.s.b.d.a.OptionalLiveReloadServer       : LiveReload server is running on port 35729
2023-10-18T11:17:40.535+09:00  INFO 15448 --- [restartedMain] o.s.b.w.embedded.tomcat.TomcatWebServer  : Tomcat started on port(s): 8080 (http) with context path ''
2023-10-18T11:17:40.540+09:00  INFO 15448 --- [restartedMain] kr.co.sboard.SboardApplication           : Started SboardApplication in 2.549 seconds (process running for 2.748)
2023-10-18T11:18:57.806+09:00  INFO 15448 --- [http-nio-8080-exec-1] o.a.c.c.C.[Tomcat].[localhost].[/]       : Initializing Spring DispatcherServlet 'dispatcherServlet'
2023-10-18T11:18:57.806+09:00  INFO 15448 --- [http-nio-8080-exec-1] o.s.web.servlet.DispatcherServlet        : Initializing Servlet 'dispatcherServlet'
2023-10-18T11:18:57.807+09:00  INFO 15448 --- [http-nio-8080-exec-1] o.s.web.servlet.DispatcherServlet        : Completed initialization in 1 ms
2023-10-18T11:20:35.279+09:00  INFO 16444 --- [restartedMain] kr.co.sboard.SboardApplication           : Starting SboardApplication using Java 19.0.2 with PID 16444 (C:\Users\java\Desktop\Workspace\Spring\Sboard\build\classes\java\main started by java in C:\Users\java\Desktop\Workspace\Spring\Sboard)
2023-10-18T11:20:35.280+09:00  INFO 16444 --- [restartedMain] kr.co.sboard.SboardApplication           : No active profile set, falling back to 1 default profile: "default"
2023-10-18T11:20:35.396+09:00  INFO 16444 --- [restartedMain] .e.DevToolsPropertyDefaultsPostProcessor : Devtools property defaults active! Set 'spring.devtools.add-properties' to 'false' to disable
2023-10-18T11:20:35.396+09:00  INFO 16444 --- [restartedMain] .e.DevToolsPropertyDefaultsPostProcessor : For additional web related logging consider setting the 'logging.level.web' property to 'DEBUG'
2023-10-18T11:20:35.702+09:00  INFO 16444 --- [restartedMain] .s.d.r.c.RepositoryConfigurationDelegate : Bootstrapping Spring Data JPA repositories in DEFAULT mode.
2023-10-18T11:20:35.728+09:00  INFO 16444 --- [restartedMain] .s.d.r.c.RepositoryConfigurationDelegate : Finished Spring Data repository scanning in 22 ms. Found 4 JPA repository interfaces.
2023-10-18T11:20:35.789+09:00  WARN 16444 --- [restartedMain] o.m.s.mapper.ClassPathMapperScanner      : No MyBatis mapper was found in '[kr.co.sboard]' package. Please check your configuration.
2023-10-18T11:20:36.049+09:00  INFO 16444 --- [restartedMain] o.s.b.w.embedded.tomcat.TomcatWebServer  : Tomcat initialized with port(s): 8080 (http)
2023-10-18T11:20:36.054+09:00  INFO 16444 --- [restartedMain] o.apache.catalina.core.StandardService   : Starting service [Tomcat]
2023-10-18T11:20:36.054+09:00  INFO 16444 --- [restartedMain] o.apache.catalina.core.StandardEngine    : Starting Servlet engine: [Apache Tomcat/10.1.13]
2023-10-18T11:20:36.087+09:00  INFO 16444 --- [restartedMain] o.a.c.c.C.[Tomcat].[localhost].[/]       : Initializing Spring embedded WebApplicationContext
2023-10-18T11:20:36.088+09:00  INFO 16444 --- [restartedMain] w.s.c.ServletWebServerApplicationContext : Root WebApplicationContext: initialization completed in 692 ms
2023-10-18T11:20:36.164+09:00  INFO 16444 --- [restartedMain] o.hibernate.jpa.internal.util.LogHelper  : HHH000204: Processing PersistenceUnitInfo [name: default]
2023-10-18T11:20:36.187+09:00  INFO 16444 --- [restartedMain] org.hibernate.Version                    : HHH000412: Hibernate ORM core version 6.2.9.Final
2023-10-18T11:20:36.188+09:00  INFO 16444 --- [restartedMain] org.hibernate.cfg.Environment            : HHH000406: Using bytecode reflection optimizer
2023-10-18T11:20:36.249+09:00  INFO 16444 --- [restartedMain] o.h.b.i.BytecodeProviderInitiator        : HHH000021: Bytecode provider name : bytebuddy
2023-10-18T11:20:36.318+09:00  INFO 16444 --- [restartedMain] o.s.o.j.p.SpringPersistenceUnitInfo      : No LoadTimeWeaver setup: ignoring JPA class transformer
2023-10-18T11:20:36.326+09:00  INFO 16444 --- [restartedMain] com.zaxxer.hikari.HikariDataSource       : HikariPool-1 - Starting...
2023-10-18T11:20:36.583+09:00  INFO 16444 --- [restartedMain] com.zaxxer.hikari.pool.HikariPool        : HikariPool-1 - Added connection com.mysql.cj.jdbc.ConnectionImpl@55265cf4
2023-10-18T11:20:36.585+09:00  INFO 16444 --- [restartedMain] com.zaxxer.hikari.HikariDataSource       : HikariPool-1 - Start completed.
2023-10-18T11:20:36.622+09:00  WARN 16444 --- [restartedMain] org.hibernate.orm.deprecation            : HHH90000026: MySQL57Dialect has been deprecated; use org.hibernate.dialect.MySQLDialect instead
2023-10-18T11:20:36.716+09:00  INFO 16444 --- [restartedMain] o.h.b.i.BytecodeProviderInitiator        : HHH000021: Bytecode provider name : bytebuddy
2023-10-18T11:20:37.055+09:00  INFO 16444 --- [restartedMain] o.h.e.t.j.p.i.JtaPlatformInitiator       : HHH000490: Using JtaPlatform implementation: [org.hibernate.engine.transaction.jta.platform.internal.NoJtaPlatform]
2023-10-18T11:20:37.056+09:00  INFO 16444 --- [restartedMain] j.LocalContainerEntityManagerFactoryBean : Initialized JPA EntityManagerFactory for persistence unit 'default'
2023-10-18T11:20:37.283+09:00  WARN 16444 --- [restartedMain] JpaBaseConfiguration$JpaWebConfiguration : spring.jpa.open-in-view is enabled by default. Therefore, database queries may be performed during view rendering. Explicitly configure spring.jpa.open-in-view to disable this warning
2023-10-18T11:20:37.414+09:00  INFO 16444 --- [restartedMain] o.s.s.web.DefaultSecurityFilterChain     : Will secure any request with [org.springframework.security.web.session.DisableEncodeUrlFilter@55519fb8, org.springframework.security.web.context.request.async.WebAsyncManagerIntegrationFilter@16535ab2, org.springframework.security.web.context.SecurityContextHolderFilter@578301bd, org.springframework.security.web.header.HeaderWriterFilter@14a05b76, org.springframework.security.web.authentication.logout.LogoutFilter@271ed302, org.springframework.security.web.authentication.UsernamePasswordAuthenticationFilter@3894df5a, org.springframework.security.web.savedrequest.RequestCacheAwareFilter@1be020b6, org.springframework.security.web.servletapi.SecurityContextHolderAwareRequestFilter@6622a64, org.springframework.security.web.authentication.AnonymousAuthenticationFilter@70ff0026, org.springframework.security.web.access.ExceptionTranslationFilter@44a1160d, org.springframework.security.web.access.intercept.AuthorizationFilter@40306e3e]
2023-10-18T11:20:37.589+09:00  INFO 16444 --- [restartedMain] o.s.b.d.a.OptionalLiveReloadServer       : LiveReload server is running on port 35729
2023-10-18T11:20:37.605+09:00  INFO 16444 --- [restartedMain] o.s.b.w.embedded.tomcat.TomcatWebServer  : Tomcat started on port(s): 8080 (http) with context path ''
2023-10-18T11:20:37.609+09:00  INFO 16444 --- [restartedMain] kr.co.sboard.SboardApplication           : Started SboardApplication in 2.54 seconds (process running for 2.747)
2023-10-18T11:20:40.012+09:00  INFO 16444 --- [http-nio-8080-exec-1] o.a.c.c.C.[Tomcat].[localhost].[/]       : Initializing Spring DispatcherServlet 'dispatcherServlet'
2023-10-18T11:20:40.013+09:00  INFO 16444 --- [http-nio-8080-exec-1] o.s.web.servlet.DispatcherServlet        : Initializing Servlet 'dispatcherServlet'
2023-10-18T11:20:40.013+09:00  INFO 16444 --- [http-nio-8080-exec-1] o.s.web.servlet.DispatcherServlet        : Completed initialization in 0 ms
